Starting job 365591 on c1-25 at Thu Nov 16 14:13:42 CET 2023

To execute Trimmomatic run: java -jar $EBROOTTRIMMOMATIC/trimmomatic-0.39.jar
‘WLR073.Wal_mt.realigned.bam HaplotypeCalled’
Finished running jobs

Task and CPU usage stats:
JobID           JobName  AllocCPUS   NTasks     MinCPU MinCPUTask     AveCPU    Elapsed ExitCode 
------------ ---------- ---------- -------- ---------- ---------- ---------- ---------- -------- 
365591         test_job          1                                             00:01:44      0:0 
365591.batch      batch          1        1   00:01:04          0   00:01:04   00:01:44      0:0 
365591.exte+     extern          1        1   00:00:00          0   00:00:00   00:01:44      0:0 

Memory usage stats:
JobID            MaxRSS MaxRSSTask     AveRSS MaxPages   MaxPagesTask   AvePages 
------------ ---------- ---------- ---------- -------- -------------- ---------- 
365591                                                                           
365591.batch   1400408K          0   1400408K        0              0          0 
365591.exte+          0          0          0        0              0          0 

Disk usage stats:
JobID         MaxDiskRead MaxDiskReadTask    AveDiskRead MaxDiskWrite MaxDiskWriteTask   AveDiskWrite 
------------ ------------ --------------- -------------- ------------ ---------------- -------------- 
365591                                                                                                
365591.batch        3.73M               0          3.73M        0.27M                0          0.27M 
365591.exte+        0.01M               0          0.01M        0.00M                0          0.00M 

Job 365591 completed at Thu Nov 16 14:15:25 CET 2023
