Starting job 365574 on c1-25 at Thu Nov 16 14:13:42 CET 2023

To execute Trimmomatic run: java -jar $EBROOTTRIMMOMATIC/trimmomatic-0.39.jar
‘WLR038.Wal_mt.realigned.bam HaplotypeCalled’
Finished running jobs

Task and CPU usage stats:
JobID           JobName  AllocCPUS   NTasks     MinCPU MinCPUTask     AveCPU    Elapsed ExitCode 
------------ ---------- ---------- -------- ---------- ---------- ---------- ---------- -------- 
365574         test_job          1                                             00:01:07      0:0 
365574.batch      batch          1        1   00:00:27          0   00:00:27   00:01:07      0:0 
365574.exte+     extern          1        1   00:00:00          0   00:00:00   00:01:07      0:0 

Memory usage stats:
JobID            MaxRSS MaxRSSTask     AveRSS MaxPages   MaxPagesTask   AvePages 
------------ ---------- ---------- ---------- -------- -------------- ---------- 
365574                                                                           
365574.batch   1366056K          0   1366056K        0              0          0 
365574.exte+          0          0          0        0              0          0 

Disk usage stats:
JobID         MaxDiskRead MaxDiskReadTask    AveDiskRead MaxDiskWrite MaxDiskWriteTask   AveDiskWrite 
------------ ------------ --------------- -------------- ------------ ---------------- -------------- 
365574                                                                                                
365574.batch        3.73M               0          3.73M        0.27M                0          0.27M 
365574.exte+        0.01M               0          0.01M        0.00M                0          0.00M 

Job 365574 completed at Thu Nov 16 14:14:48 CET 2023
