Starting job 365571 on c1-25 at Thu Nov 16 14:13:39 CET 2023

To execute Trimmomatic run: java -jar $EBROOTTRIMMOMATIC/trimmomatic-0.39.jar
‘WLR029.Wal_mt.realigned.bam HaplotypeCalled’
Finished running jobs

Task and CPU usage stats:
JobID           JobName  AllocCPUS   NTasks     MinCPU MinCPUTask     AveCPU    Elapsed ExitCode 
------------ ---------- ---------- -------- ---------- ---------- ---------- ---------- -------- 
365571         test_job          1                                             00:01:50      0:0 
365571.batch      batch          1        1   00:01:06          0   00:01:06   00:01:50      0:0 
365571.exte+     extern          1        1   00:00:00          0   00:00:00   00:01:50      0:0 

Memory usage stats:
JobID            MaxRSS MaxRSSTask     AveRSS MaxPages   MaxPagesTask   AvePages 
------------ ---------- ---------- ---------- -------- -------------- ---------- 
365571                                                                           
365571.batch   1396636K          0   1396636K        0              0          0 
365571.exte+          0          0          0        0              0          0 

Disk usage stats:
JobID         MaxDiskRead MaxDiskReadTask    AveDiskRead MaxDiskWrite MaxDiskWriteTask   AveDiskWrite 
------------ ------------ --------------- -------------- ------------ ---------------- -------------- 
365571                                                                                                
365571.batch        3.73M               0          3.73M        0.27M                0          0.27M 
365571.exte+        0.01M               0          0.01M        0.00M                0          0.00M 

Job 365571 completed at Thu Nov 16 14:15:28 CET 2023
