Starting job 365598 on c1-25 at Thu Nov 16 14:13:42 CET 2023

To execute Trimmomatic run: java -jar $EBROOTTRIMMOMATIC/trimmomatic-0.39.jar
‘WLR080.Wal_mt.realigned.bam HaplotypeCalled’
Finished running jobs

Task and CPU usage stats:
JobID           JobName  AllocCPUS   NTasks     MinCPU MinCPUTask     AveCPU    Elapsed ExitCode 
------------ ---------- ---------- -------- ---------- ---------- ---------- ---------- -------- 
365598         test_job          1                                             00:01:00      0:0 
365598.batch      batch          1        1   00:00:21          0   00:00:21   00:01:00      0:0 
365598.exte+     extern          1        1   00:00:00          0   00:00:00   00:01:00      0:0 

Memory usage stats:
JobID            MaxRSS MaxRSSTask     AveRSS MaxPages   MaxPagesTask   AvePages 
------------ ---------- ---------- ---------- -------- -------------- ---------- 
365598                                                                           
365598.batch    152820K          0    152820K        0              0          0 
365598.exte+          0          0          0        0              0          0 

Disk usage stats:
JobID         MaxDiskRead MaxDiskReadTask    AveDiskRead MaxDiskWrite MaxDiskWriteTask   AveDiskWrite 
------------ ------------ --------------- -------------- ------------ ---------------- -------------- 
365598                                                                                                
365598.batch        3.73M               0          3.73M        0.27M                0          0.27M 
365598.exte+        0.01M               0          0.01M        0.00M                0          0.00M 

Job 365598 completed at Thu Nov 16 14:14:41 CET 2023
