Starting job 365589 on c1-25 at Thu Nov 16 14:13:42 CET 2023

To execute Trimmomatic run: java -jar $EBROOTTRIMMOMATIC/trimmomatic-0.39.jar
‘WLR071.Wal_mt.realigned.bam HaplotypeCalled’
Finished running jobs

Task and CPU usage stats:
JobID           JobName  AllocCPUS   NTasks     MinCPU MinCPUTask     AveCPU    Elapsed ExitCode 
------------ ---------- ---------- -------- ---------- ---------- ---------- ---------- -------- 
365589         test_job          1                                             00:00:56      0:0 
365589.batch      batch          1        1   00:00:16          0   00:00:16   00:00:56      0:0 
365589.exte+     extern          1        1   00:00:00          0   00:00:00   00:00:56      0:0 

Memory usage stats:
JobID            MaxRSS MaxRSSTask     AveRSS MaxPages   MaxPagesTask   AvePages 
------------ ---------- ---------- ---------- -------- -------------- ---------- 
365589                                                                           
365589.batch     26160K          0     26160K        0              0          0 
365589.exte+          0          0          0        0              0          0 

Disk usage stats:
JobID         MaxDiskRead MaxDiskReadTask    AveDiskRead MaxDiskWrite MaxDiskWriteTask   AveDiskWrite 
------------ ------------ --------------- -------------- ------------ ---------------- -------------- 
365589                                                                                                
365589.batch        0.94M               0          0.94M        0.00M                0          0.00M 
365589.exte+        0.01M               0          0.01M        0.00M                0          0.00M 

Job 365589 completed at Thu Nov 16 14:14:38 CET 2023
