Starting job 364955 on c1-22 at Thu Nov 16 13:09:35 CET 2023

To execute Trimmomatic run: java -jar $EBROOTTRIMMOMATIC/trimmomatic-0.39.jar
‘WLR008.Wal_mt.realigned.bam HaplotypeCalled’
Finished running jobs

Task and CPU usage stats:
JobID           JobName  AllocCPUS   NTasks     MinCPU MinCPUTask     AveCPU    Elapsed ExitCode 
------------ ---------- ---------- -------- ---------- ---------- ---------- ---------- -------- 
364955         test_job          1                                             00:01:19      0:0 
364955.batch      batch          1        1   00:01:17          0   00:01:17   00:01:19      0:0 
364955.exte+     extern          1        1   00:00:00          0   00:00:00   00:01:19      0:0 

Memory usage stats:
JobID            MaxRSS MaxRSSTask     AveRSS MaxPages   MaxPagesTask   AvePages 
------------ ---------- ---------- ---------- -------- -------------- ---------- 
364955                                                                           
364955.batch   1403588K          0   1403588K        0              0          0 
364955.exte+       116K          0       116K        0              0          0 

Disk usage stats:
JobID         MaxDiskRead MaxDiskReadTask    AveDiskRead MaxDiskWrite MaxDiskWriteTask   AveDiskWrite 
------------ ------------ --------------- -------------- ------------ ---------------- -------------- 
364955                                                                                                
364955.batch        3.73M               0          3.73M        0.27M                0          0.27M 
364955.exte+        0.01M               0          0.01M        0.00M                0          0.00M 

Job 364955 completed at Thu Nov 16 13:10:55 CET 2023
