Starting job 365570 on c1-25 at Thu Nov 16 14:13:39 CET 2023

To execute Trimmomatic run: java -jar $EBROOTTRIMMOMATIC/trimmomatic-0.39.jar
‘WLR012.Wal_mt.realigned.bam HaplotypeCalled’
Finished running jobs

Task and CPU usage stats:
JobID           JobName  AllocCPUS   NTasks     MinCPU MinCPUTask     AveCPU    Elapsed ExitCode 
------------ ---------- ---------- -------- ---------- ---------- ---------- ---------- -------- 
365570         test_job          1                                             00:01:32      0:0 
365570.batch      batch          1        1   00:00:49          0   00:00:49   00:01:32      0:0 
365570.exte+     extern          1        1   00:00:00          0   00:00:00   00:01:32      0:0 

Memory usage stats:
JobID            MaxRSS MaxRSSTask     AveRSS MaxPages   MaxPagesTask   AvePages 
------------ ---------- ---------- ---------- -------- -------------- ---------- 
365570                                                                           
365570.batch   1391128K          0   1391128K        0              0          0 
365570.exte+          0          0          0        0              0          0 

Disk usage stats:
JobID         MaxDiskRead MaxDiskReadTask    AveDiskRead MaxDiskWrite MaxDiskWriteTask   AveDiskWrite 
------------ ------------ --------------- -------------- ------------ ---------------- -------------- 
365570                                                                                                
365570.batch        3.73M               0          3.73M        0.27M                0          0.27M 
365570.exte+        0.01M               0          0.01M        0.00M                0          0.00M 

Job 365570 completed at Thu Nov 16 14:15:10 CET 2023
