Starting job 365590 on c1-25 at Thu Nov 16 14:13:42 CET 2023

To execute Trimmomatic run: java -jar $EBROOTTRIMMOMATIC/trimmomatic-0.39.jar
‘WLR072.Wal_mt.realigned.bam HaplotypeCalled’
Finished running jobs

Task and CPU usage stats:
JobID           JobName  AllocCPUS   NTasks     MinCPU MinCPUTask     AveCPU    Elapsed ExitCode 
------------ ---------- ---------- -------- ---------- ---------- ---------- ---------- -------- 
365590         test_job          1                                             00:01:05      0:0 
365590.batch      batch          1        1   00:00:25          0   00:00:25   00:01:05      0:0 
365590.exte+     extern          1        1   00:00:00          0   00:00:00   00:01:05      0:0 

Memory usage stats:
JobID            MaxRSS MaxRSSTask     AveRSS MaxPages   MaxPagesTask   AvePages 
------------ ---------- ---------- ---------- -------- -------------- ---------- 
365590                                                                           
365590.batch   1373460K          0   1373460K        0              0          0 
365590.exte+          0          0          0        0              0          0 

Disk usage stats:
JobID         MaxDiskRead MaxDiskReadTask    AveDiskRead MaxDiskWrite MaxDiskWriteTask   AveDiskWrite 
------------ ------------ --------------- -------------- ------------ ---------------- -------------- 
365590                                                                                                
365590.batch        3.73M               0          3.73M        0.27M                0          0.27M 
365590.exte+        0.01M               0          0.01M        0.00M                0          0.00M 

Job 365590 completed at Thu Nov 16 14:14:47 CET 2023
