Starting job 365578 on c1-25 at Thu Nov 16 14:13:42 CET 2023

To execute Trimmomatic run: java -jar $EBROOTTRIMMOMATIC/trimmomatic-0.39.jar
‘WLR043.Wal_mt.realigned.bam HaplotypeCalled’
Finished running jobs

Task and CPU usage stats:
JobID           JobName  AllocCPUS   NTasks     MinCPU MinCPUTask     AveCPU    Elapsed ExitCode 
------------ ---------- ---------- -------- ---------- ---------- ---------- ---------- -------- 
365578         test_job          1                                             00:00:55      0:0 
365578.batch      batch          1        1   00:00:15          0   00:00:15   00:00:55      0:0 
365578.exte+     extern          1        1   00:00:00          0   00:00:00   00:00:55      0:0 

Memory usage stats:
JobID            MaxRSS MaxRSSTask     AveRSS MaxPages   MaxPagesTask   AvePages 
------------ ---------- ---------- ---------- -------- -------------- ---------- 
365578                                                                           
365578.batch      1968K          0      1968K        0              0          0 
365578.exte+          0          0          0        0              0          0 

Disk usage stats:
JobID         MaxDiskRead MaxDiskReadTask    AveDiskRead MaxDiskWrite MaxDiskWriteTask   AveDiskWrite 
------------ ------------ --------------- -------------- ------------ ---------------- -------------- 
365578                                                                                                
365578.batch        3.72M               0          3.72M        0.27M                0          0.27M 
365578.exte+        0.01M               0          0.01M        0.00M                0          0.00M 

Job 365578 completed at Thu Nov 16 14:14:36 CET 2023
