Starting job 365566 on c1-25 at Thu Nov 16 14:13:39 CET 2023

To execute Trimmomatic run: java -jar $EBROOTTRIMMOMATIC/trimmomatic-0.39.jar
‘WLR008.Wal_mt.realigned.bam HaplotypeCalled’
Finished running jobs

Task and CPU usage stats:
JobID           JobName  AllocCPUS   NTasks     MinCPU MinCPUTask     AveCPU    Elapsed ExitCode 
------------ ---------- ---------- -------- ---------- ---------- ---------- ---------- -------- 
365566         test_job          1                                             00:01:43      0:0 
365566.batch      batch          1        1   00:01:00          0   00:01:00   00:01:43      0:0 
365566.exte+     extern          1        1   00:00:00          0   00:00:00   00:01:43      0:0 

Memory usage stats:
JobID            MaxRSS MaxRSSTask     AveRSS MaxPages   MaxPagesTask   AvePages 
------------ ---------- ---------- ---------- -------- -------------- ---------- 
365566                                                                           
365566.batch   1397600K          0   1397600K        0              0          0 
365566.exte+          0          0          0        0              0          0 

Disk usage stats:
JobID         MaxDiskRead MaxDiskReadTask    AveDiskRead MaxDiskWrite MaxDiskWriteTask   AveDiskWrite 
------------ ------------ --------------- -------------- ------------ ---------------- -------------- 
365566                                                                                                
365566.batch        3.73M               0          3.73M        0.27M                0          0.27M 
365566.exte+        0.01M               0          0.01M        0.00M                0          0.00M 

Job 365566 completed at Thu Nov 16 14:15:21 CET 2023
