Starting job 365596 on c1-25 at Thu Nov 16 14:13:42 CET 2023

To execute Trimmomatic run: java -jar $EBROOTTRIMMOMATIC/trimmomatic-0.39.jar
‘WLR078.Wal_mt.realigned.bam HaplotypeCalled’
Finished running jobs

Task and CPU usage stats:
JobID           JobName  AllocCPUS   NTasks     MinCPU MinCPUTask     AveCPU    Elapsed ExitCode 
------------ ---------- ---------- -------- ---------- ---------- ---------- ---------- -------- 
365596         test_job          1                                             00:00:54      0:0 
365596.batch      batch          1        1   00:00:14          0   00:00:14   00:00:54      0:0 
365596.exte+     extern          1        1   00:00:00          0   00:00:00   00:00:54      0:0 

Memory usage stats:
JobID            MaxRSS MaxRSSTask     AveRSS MaxPages   MaxPagesTask   AvePages 
------------ ---------- ---------- ---------- -------- -------------- ---------- 
365596                                                                           
365596.batch     25920K          0     25920K        0              0          0 
365596.exte+          0          0          0        0              0          0 

Disk usage stats:
JobID         MaxDiskRead MaxDiskReadTask    AveDiskRead MaxDiskWrite MaxDiskWriteTask   AveDiskWrite 
------------ ------------ --------------- -------------- ------------ ---------------- -------------- 
365596                                                                                                
365596.batch        1.21M               0          1.21M        0.00M                0          0.00M 
365596.exte+        0.01M               0          0.01M        0.00M                0          0.00M 

Job 365596 completed at Thu Nov 16 14:14:35 CET 2023
