Starting job 365586 on c1-25 at Thu Nov 16 14:13:42 CET 2023

To execute Trimmomatic run: java -jar $EBROOTTRIMMOMATIC/trimmomatic-0.39.jar
‘WLR062.Wal_mt.realigned.bam HaplotypeCalled’
Finished running jobs

Task and CPU usage stats:
JobID           JobName  AllocCPUS   NTasks     MinCPU MinCPUTask     AveCPU    Elapsed ExitCode 
------------ ---------- ---------- -------- ---------- ---------- ---------- ---------- -------- 
365586         test_job          1                                             00:03:15      0:0 
365586.batch      batch          1        1   00:02:34          0   00:02:34   00:03:15      0:0 
365586.exte+     extern          1        1   00:00:00          0   00:00:00   00:03:15      0:0 

Memory usage stats:
JobID            MaxRSS MaxRSSTask     AveRSS MaxPages   MaxPagesTask   AvePages 
------------ ---------- ---------- ---------- -------- -------------- ---------- 
365586                                                                           
365586.batch   1486328K          0   1486328K        0              0          0 
365586.exte+          0          0          0        0              0          0 

Disk usage stats:
JobID         MaxDiskRead MaxDiskReadTask    AveDiskRead MaxDiskWrite MaxDiskWriteTask   AveDiskWrite 
------------ ------------ --------------- -------------- ------------ ---------------- -------------- 
365586                                                                                                
365586.batch        3.73M               0          3.73M        0.27M                0          0.27M 
365586.exte+        0.01M               0          0.01M        0.00M                0          0.00M 

Job 365586 completed at Thu Nov 16 14:16:57 CET 2023
