Starting job 365573 on c1-25 at Thu Nov 16 14:13:42 CET 2023

To execute Trimmomatic run: java -jar $EBROOTTRIMMOMATIC/trimmomatic-0.39.jar
‘WLR031.Wal_mt.realigned.bam HaplotypeCalled’
Finished running jobs

Task and CPU usage stats:
JobID           JobName  AllocCPUS   NTasks     MinCPU MinCPUTask     AveCPU    Elapsed ExitCode 
------------ ---------- ---------- -------- ---------- ---------- ---------- ---------- -------- 
365573         test_job          1                                             00:01:56      0:0 
365573.batch      batch          1        1   00:01:16          0   00:01:16   00:01:56      0:0 
365573.exte+     extern          1        1   00:00:00          0   00:00:00   00:01:56      0:0 

Memory usage stats:
JobID            MaxRSS MaxRSSTask     AveRSS MaxPages   MaxPagesTask   AvePages 
------------ ---------- ---------- ---------- -------- -------------- ---------- 
365573                                                                           
365573.batch   1427728K          0   1427728K        0              0          0 
365573.exte+          0          0          0        0              0          0 

Disk usage stats:
JobID         MaxDiskRead MaxDiskReadTask    AveDiskRead MaxDiskWrite MaxDiskWriteTask   AveDiskWrite 
------------ ------------ --------------- -------------- ------------ ---------------- -------------- 
365573                                                                                                
365573.batch        3.73M               0          3.73M        0.27M                0          0.27M 
365573.exte+        0.01M               0          0.01M        0.00M                0          0.00M 

Job 365573 completed at Thu Nov 16 14:15:37 CET 2023
