Starting job 365582 on c1-25 at Thu Nov 16 14:13:42 CET 2023

To execute Trimmomatic run: java -jar $EBROOTTRIMMOMATIC/trimmomatic-0.39.jar
‘WLR047.Wal_mt.realigned.bam HaplotypeCalled’
Finished running jobs

Task and CPU usage stats:
JobID           JobName  AllocCPUS   NTasks     MinCPU MinCPUTask     AveCPU    Elapsed ExitCode 
------------ ---------- ---------- -------- ---------- ---------- ---------- ---------- -------- 
365582         test_job          1                                             00:01:00      0:0 
365582.batch      batch          1        1   00:00:19          0   00:00:19   00:01:00      0:0 
365582.exte+     extern          1        1                                    00:01:00      0:0 

Memory usage stats:
JobID            MaxRSS MaxRSSTask     AveRSS MaxPages   MaxPagesTask   AvePages 
------------ ---------- ---------- ---------- -------- -------------- ---------- 
365582                                                                           
365582.batch     25808K          0     25808K        0              0          0 
365582.exte+          0          0          0        0              0          0 

Disk usage stats:
JobID         MaxDiskRead MaxDiskReadTask    AveDiskRead MaxDiskWrite MaxDiskWriteTask   AveDiskWrite 
------------ ------------ --------------- -------------- ------------ ---------------- -------------- 
365582                                                                                                
365582.batch        1.21M               0          1.21M        0.00M                0          0.00M 
365582.exte+        0.01M               0          0.01M        0.00M                0          0.00M 

Job 365582 completed at Thu Nov 16 14:14:41 CET 2023
